2024-06-10 17:19:34,708 NanoPlot 1.42.0 started with arguments Namespace(threads=16, verbose=True, store=False, raw=False, huge=False, outdir='nanoplot_trimmed', no_static=False, prefix='', tsv_stats=True, only_report=False, info_in_report=True, maxlength=None, minlength=None, drop_outliers=False, downsample=None, loglength=False, percentqual=False, alength=False, minqual=None, runtime_until=None, readtype='1D', barcoded=False, no_supplementary=False, color='green', colormap='Greens', format=['png'], plots=['kde', 'dot'], legacy=None, listcolors=False, listcolormaps=False, no_N50=False, N50=False, title=None, font_scale=1, dpi=100, hide_stats=False, fastq=['ROZA_397_1_chopped_filtered.fastq.gz'], fasta=None, fastq_rich=None, fastq_minimal=None, summary=None, bam=None, ubam=None, cram=None, pickle=None, feather=None, path='nanoplot_trimmed/')
2024-06-10 17:19:34,708 Python version is: 3.10.14 | packaged by conda-forge | (main, Mar 20 2024, 12:53:34) [Clang 16.0.6 ]
2024-06-10 17:19:40,993 Nanoget: Gathered all metrics of 45269 reads
2024-06-10 17:19:41,032 Calculated statistics
2024-06-10 17:19:41,033 Using sequenced read lengths for plotting.
2024-06-10 17:19:41,037 Removed 2 artefactual reads with very short length and very high quality.
2024-06-10 17:19:41,061 Calculated statistics
2024-06-10 17:19:41,061 NanoPlot:  Valid color green.
2024-06-10 17:19:41,062 NanoPlot:  Valid colormap Greens.
2024-06-10 17:19:41,064 NanoPlot:  Creating length plots for Read length.
2024-06-10 17:19:41,064 NanoPlot:  Using 45267 reads maximum of 8630bp.
2024-06-10 17:19:42,086 Saved nanoplot_trimmed/WeightedHistogramReadlength  as png (or png for --legacy)
2024-06-10 17:19:42,677 Saved nanoplot_trimmed/WeightedLogTransformed_HistogramReadlength  as png (or png for --legacy)
2024-06-10 17:19:43,232 Saved nanoplot_trimmed/Non_weightedHistogramReadlength  as png (or png for --legacy)
2024-06-10 17:19:43,797 Saved nanoplot_trimmed/Non_weightedLogTransformed_HistogramReadlength  as png (or png for --legacy)
2024-06-10 17:19:45,385 Saved nanoplot_trimmed/Yield_By_Length  as png (or png for --legacy)
2024-06-10 17:19:45,385 Created length plots
2024-06-10 17:19:45,386 NanoPlot: Creating Read lengths vs Average read quality plots using 45267 reads.
2024-06-10 17:19:46,493 Saved nanoplot_trimmed/LengthvsQualityScatterPlot_dot  as png (or png for --legacy)
2024-06-10 17:19:48,128 Saved nanoplot_trimmed/LengthvsQualityScatterPlot_kde  as png (or png for --legacy)
2024-06-10 17:19:48,129 Created LengthvsQual plot
2024-06-10 17:19:48,129 Writing html report.
2024-06-10 17:19:48,136 Finished!
